time="2019-04-21T05:53:57Z" level=info msg="POST\t/most_similar\tMostSimilar\t817.736932ms"
time="2019-04-21T06:01:48Z" level=info msg="POST\t/most_similar\tMostSimilar\t817.564133ms"
time="2019-04-21T06:02:37Z" level=info msg="POST\t/most_similar\tMostSimilar\t820.466612ms"
time="2019-04-21T07:20:37Z" level=info msg="POST\t/most_similar\tMostSimilar\t823.431574ms"
time="2019-04-21T07:21:18Z" level=info msg="POST\t/most_similar\tMostSimilar\t822.552609ms"
time="2019-04-21T15:09:53Z" level=info msg="POST\t/most_similar\tMostSimilar\t820.446737ms"
time="2019-04-21T15:11:13Z" level=info msg="POST\t/most_similar\tMostSimilar\t829.473109ms"
time="2019-04-21T15:29:11Z" level=info msg="POST\t/most_similar\tMostSimilar\t832.283879ms"
time="2019-04-22T00:23:17Z" level=info msg="POST\t/most_similar\tMostSimilar\t824.85307ms"
time="2019-04-22T00:23:44Z" level=info msg="POST\t/most_similar\tMostSimilar\t824.102705ms"
time="2019-04-22T00:24:04Z" level=info msg="POST\t/most_similar\tMostSimilar\t832.323055ms"
time="2019-04-22T00:24:25Z" level=info msg="POST\t/most_similar\tMostSimilar\t824.736852ms"
time="2019-04-22T00:24:44Z" level=info msg="POST\t/most_similar\tMostSimilar\t813.495287ms"
time="2019-04-22T06:47:00Z" level=info msg="POST\t/most_similar\tMostSimilar\t880.25665ms"
time="2019-04-22T03:19:25-04:00" level=info msg="POST\t/most_similar\tMostSimilar\t883.575363ms"
time="2019-04-22T03:24:58-04:00" level=info msg="POST\t/most_similar\tMostSimilar\t888.676882ms"
time="2019-04-22T03:29:16-04:00" level=info msg="POST\t/recent_topic\tRecentTopic\t1.235457072s"
time="2019-04-22T03:31:55-04:00" level=info msg="POST\t/recent_topic\tRecentTopic\t1.887507635s"
time="2019-04-22T03:45:54-04:00" level=info msg="POST\t/recent_topic\tRecentTopic\t2.707373125s"
time="2019-04-22T03:50:33-04:00" level=info msg="POST\t/recent_topic\tRecentTopic\t2.651925628s"
time="2019-04-22T03:52:07-04:00" level=info msg="POST\t/recent_topic\tRecentTopic\t2.644327116s"
time="2019-04-22T03:53:20-04:00" level=info msg="POST\t/recent_topic\tRecentTopic\t2.612434608s"
time="2019-04-22T03:53:48-04:00" level=info msg="POST\t/recent_topic\tRecentTopic\t2.620092149s"
time="2019-04-22T04:20:01-04:00" level=info msg="POST\t/recent_topic\tRecentTopic\t988.862124ms"
time="2019-04-22T04:20:49-04:00" level=info msg="POST\t/recent_topic\tRecentTopic\t1.05195819s"
time="2019-04-22T17:12:36-04:00" level=info msg="POST\t/most_similar\tMostSimilar\t882.488657ms"
time="2019-04-22T17:13:22-04:00" level=info msg="POST\t/most_similar\tMostSimilar\t886.680182ms"
time="2019-04-22T18:36:24-04:00" level=info msg="POST\t/most_similar\tMostSimilar\t122.127µs"
time="2019-04-22T18:37:01-04:00" level=info msg="POST\t/most_similar\tMostSimilar\t73.063µs"
time="2019-04-22T18:41:10-04:00" level=info msg="POST\t/most_similar\tMostSimilar\t73.229µs"
time="2019-04-22T18:53:31-04:00" level=info msg="POST\t/most_similar\tMostSimilar\t900.762345ms"
time="2019-04-22T18:54:20-04:00" level=info msg="POST\t/most_similar\tMostSimilar\t131.911µs"
time="2019-04-22T19:13:06-04:00" level=info msg="POST\t/most_similar\tMostSimilar\t192.599µs"
time="2019-04-22T19:14:41-04:00" level=info msg="POST\t/most_similar\tMostSimilar\t62.987µs"
time="2019-04-22T19:18:29-04:00" level=info msg="POST\t/most_similar\tMostSimilar\t83.172µs"
time="2019-04-22T19:18:43-04:00" level=info msg="POST\t/most_similar\tMostSimilar\t60.169µs"
time="2019-04-22T19:40:06-04:00" level=info msg="POST\t/most_similar\tMostSimilar\t893.61688ms"
time="2019-04-22T19:40:14-04:00" level=info msg="OPTIONS\t/most_similar\tMostSimilar\t110.448µs"
time="2019-04-22T19:44:39-04:00" level=info msg="OPTIONS\t/most_similar\tMostSimilar\t159.266µs"
time="2019-04-22T19:45:03-04:00" level=info msg="OPTIONS\t/most_similar\tMostSimilar\t35.894µs"
time="2019-04-22T19:50:15-04:00" level=info msg="OPTIONS\t/most_similar\tMostSimilar\t189.521µs"
time="2019-04-22T19:50:40-04:00" level=info msg="OPTIONS\t/most_similar\tMostSimilar\t41.135µs"
time="2019-04-22T19:51:14-04:00" level=info msg="OPTIONS\t/most_similar\tMostSimilar\t74.078µs"
time="2019-04-22T19:59:37-04:00" level=info msg="POST\t/most_similar\tMostSimilar\t229.847µs"
time="2019-04-22T20:00:11-04:00" level=info msg="POST\t/most_similar\tMostSimilar\t48.618µs"
time="2019-04-22T20:02:55-04:00" level=info msg="POST\t/most_similar\tMostSimilar\t46.136µs"
time="2019-04-22T20:06:07-04:00" level=info msg="POST\t/most_similar\tMostSimilar\t55.844µs"
time="2019-04-22T20:07:19-04:00" level=info msg="POST\t/most_similar\tMostSimilar\t189.882µs"
time="2019-04-22T20:08:36-04:00" level=info msg="POST\t/most_similar\tMostSimilar\t49.616µs"
time="2019-04-22T20:08:38-04:00" level=info msg="POST\t/most_similar\tMostSimilar\t90.867µs"
time="2019-04-22T20:08:39-04:00" level=info msg="POST\t/most_similar\tMostSimilar\t66.542µs"
time="2019-04-22T20:08:39-04:00" level=info msg="POST\t/most_similar\tMostSimilar\t58.871µs"
time="2019-04-22T20:12:45-04:00" level=info msg="POST\t/most_similar\tMostSimilar\t61.911µs"
time="2019-04-22T20:12:48-04:00" level=info msg="POST\t/most_similar\tMostSimilar\t75.614µs"
time="2019-04-22T20:12:49-04:00" level=info msg="POST\t/most_similar\tMostSimilar\t64.795µs"
time="2019-04-22T20:12:50-04:00" level=info msg="POST\t/most_similar\tMostSimilar\t64.608µs"
time="2019-04-22T20:12:51-04:00" level=info msg="POST\t/most_similar\tMostSimilar\t61.468µs"
time="2019-04-22T20:12:52-04:00" level=info msg="POST\t/most_similar\tMostSimilar\t60.813µs"
time="2019-04-22T20:12:53-04:00" level=info msg="POST\t/most_similar\tMostSimilar\t64.211µs"
time="2019-04-22T20:12:54-04:00" level=info msg="POST\t/most_similar\tMostSimilar\t59.319µs"
time="2019-04-22T20:12:54-04:00" level=info msg="POST\t/most_similar\tMostSimilar\t74.922µs"
time="2019-04-22T20:12:55-04:00" level=info msg="POST\t/most_similar\tMostSimilar\t57.58µs"
time="2019-04-22T20:12:55-04:00" level=info msg="POST\t/most_similar\tMostSimilar\t56.948µs"
time="2019-04-22T20:12:55-04:00" level=info msg="POST\t/most_similar\tMostSimilar\t57.461µs"
time="2019-04-22T20:12:55-04:00" level=info msg="POST\t/most_similar\tMostSimilar\t59.194µs"
time="2019-04-22T20:12:55-04:00" level=info msg="POST\t/most_similar\tMostSimilar\t53.713µs"
time="2019-04-22T20:12:55-04:00" level=info msg="POST\t/most_similar\tMostSimilar\t52.178µs"
time="2019-04-22T20:12:56-04:00" level=info msg="POST\t/most_similar\tMostSimilar\t54.807µs"
time="2019-04-22T20:12:56-04:00" level=info msg="POST\t/most_similar\tMostSimilar\t63.811µs"
time="2019-04-22T20:12:56-04:00" level=info msg="POST\t/most_similar\tMostSimilar\t60.09µs"
time="2019-04-22T20:12:56-04:00" level=info msg="POST\t/most_similar\tMostSimilar\t55.434µs"
time="2019-04-22T20:15:16-04:00" level=info msg="POST\t/most_similar\tMostSimilar\t886.469338ms"
time="2019-04-22T20:22:47-04:00" level=info msg="POST\t/most_similar\tMostSimilar\t898.251394ms"
time="2019-04-22T20:23:23-04:00" level=info msg="POST\t/most_similar\tMostSimilar\t885.970746ms"
time="2019-04-22T20:27:01-04:00" level=info msg="POST\t/most_similar\tMostSimilar\t908.296683ms"
time="2019-04-22T20:28:10-04:00" level=info msg="POST\t/most_similar\tMostSimilar\t896.45745ms"
time="2019-04-22T20:29:10-04:00" level=info msg="POST\t/most_similar\tMostSimilar\t924.998268ms"
time="2019-04-22T20:30:03-04:00" level=info msg="POST\t/most_similar\tMostSimilar\t905.347193ms"
time="2019-04-22T20:30:27-04:00" level=info msg="POST\t/most_similar\tMostSimilar\t903.841169ms"
time="2019-04-22T20:30:48-04:00" level=info msg="POST\t/most_similar\tMostSimilar\t917.31682ms"
time="2019-04-22T23:04:29-04:00" level=info msg="POST\t/most_similar\tMostSimilar\t890.092854ms"
time="2019-04-22T23:04:34-04:00" level=info msg="POST\t/most_similar\tMostSimilar\t919.882306ms"
time="2019-04-23T00:07:54-04:00" level=info msg="POST\t/recent_topic\tRecentTopic\t966.610845ms"
time="2019-04-23T00:08:22-04:00" level=info msg="POST\t/recent_topic\tRecentTopic\t947.685081ms"
time="2019-04-23T00:10:52-04:00" level=info msg="POST\t/recent_topic\tRecentTopic\t981.510836ms"
time="2019-04-23T00:28:29-04:00" level=info msg="POST\t/most_similar\tMostSimilar\t893.661496ms"
time="2019-04-23T00:57:06-04:00" level=info msg="POST\t/most_similar\tMostSimilar\t882.221478ms"
time="2019-04-23T00:57:22-04:00" level=info msg="POST\t/most_similar\tMostSimilar\t891.106828ms"
time="2019-04-23T01:09:01-04:00" level=info msg="POST\t/recent_topic\tRecentTopic\t1.040215897s"
time="2019-04-23T01:22:37-04:00" level=info msg="POST\t/recent_topic\tRecentTopic\t996.17167ms"
time="2019-04-23T01:24:01-04:00" level=info msg="POST\t/recent_topic\tRecentTopic\t998.716033ms"
time="2019-04-23T01:31:33-04:00" level=info msg="POST\t/most_similar\tMostSimilar\t880.122037ms"
time="2019-04-23T01:43:16-04:00" level=info msg="POST\t/most_similar\tMostSimilar\t889.534294ms"
time="2019-04-23T01:46:54-04:00" level=info msg="POST\t/most_similar\tMostSimilar\t882.176752ms"
time="2019-04-23T02:17:38-04:00" level=info msg="POST\t/most_similar\tMostSimilar\t880.040755ms"
time="2019-04-23T02:18:11-04:00" level=info msg="POST\t/most_similar\tMostSimilar\t897.324403ms"
time="2019-04-23T02:42:13-04:00" level=info msg="POST\t/most_similar\tMostSimilar\t884.642768ms"
time="2019-04-23T02:42:24-04:00" level=info msg="POST\t/most_similar\tMostSimilar\t882.692956ms"
time="2019-04-23T02:42:48-04:00" level=info msg="POST\t/most_similar\tMostSimilar\t880.495607ms"
time="2019-04-23T02:42:50-04:00" level=info msg="POST\t/most_similar\tMostSimilar\t892.332036ms"
time="2019-04-23T02:48:24-04:00" level=info msg="POST\t/most_similar\tMostSimilar\t882.671535ms"
time="2019-04-23T04:42:29-04:00" level=info msg="POST\t/most_similar\tMostSimilar\t907.490307ms"
time="2019-04-23T04:43:06-04:00" level=info msg="POST\t/most_similar\tMostSimilar\t913.718575ms"
time="2019-04-23T04:43:25-04:00" level=info msg="POST\t/most_similar\tMostSimilar\t888.486429ms"
time="2019-04-23T04:43:41-04:00" level=info msg="POST\t/most_similar\tMostSimilar\t905.317715ms"
time="2019-04-23T04:43:48-04:00" level=info msg="POST\t/most_similar\tMostSimilar\t892.351532ms"
time="2019-04-23T04:44:03-04:00" level=info msg="POST\t/most_similar\tMostSimilar\t902.261425ms"
time="2019-04-23T04:50:54-04:00" level=info msg="POST\t/most_similar\tMostSimilar\t888.267833ms"
time="2019-04-23T04:51:15-04:00" level=info msg="POST\t/most_similar\tMostSimilar\t894.558154ms"
time="2019-04-23T04:59:06-04:00" level=info msg="POST\t/most_similar\tMostSimilar\t900.22282ms"
time="2019-04-23T05:05:11-04:00" level=info msg="POST\t/most_similar\tMostSimilar\t901.390639ms"
time="2019-04-23T05:05:37-04:00" level=info msg="POST\t/most_similar\tMostSimilar\t895.387531ms"
time="2019-04-23T05:05:46-04:00" level=info msg="POST\t/most_similar\tMostSimilar\t889.418357ms"
time="2019-04-23T05:06:05-04:00" level=info msg="POST\t/most_similar\tMostSimilar\t896.336424ms"
time="2019-04-23T05:06:35-04:00" level=info msg="POST\t/most_similar\tMostSimilar\t893.010254ms"
time="2019-04-23T12:19:22-04:00" level=info msg="POST\t/recent_topic\tRecentTopic\t3.415485387s"
time="2019-04-23T12:19:23-04:00" level=info msg="POST\t/recent_topic\tRecentTopic\t3.570228871s"
time="2019-04-23T12:19:23-04:00" level=info msg="POST\t/recent_topic\tRecentTopic\t3.686065671s"
time="2019-04-23T12:19:23-04:00" level=info msg="POST\t/recent_topic\tRecentTopic\t3.761014222s"
time="2019-04-23T12:19:23-04:00" level=info msg="POST\t/recent_topic\tRecentTopic\t3.806998348s"
time="2019-04-23T12:19:23-04:00" level=info msg="POST\t/recent_topic\tRecentTopic\t3.959180437s"
time="2019-04-23T12:19:26-04:00" level=info msg="POST\t/recent_topic\tRecentTopic\t3.137957068s"
time="2019-04-23T12:19:26-04:00" level=info msg="POST\t/recent_topic\tRecentTopic\t3.463730137s"
time="2019-04-23T12:19:27-04:00" level=info msg="POST\t/recent_topic\tRecentTopic\t3.700244849s"
time="2019-04-23T12:19:27-04:00" level=info msg="POST\t/recent_topic\tRecentTopic\t3.959600818s"
time="2019-04-23T12:19:27-04:00" level=info msg="POST\t/recent_topic\tRecentTopic\t4.235334403s"
time="2019-04-23T12:19:27-04:00" level=info msg="POST\t/recent_topic\tRecentTopic\t4.410429249s"
time="2019-04-23T12:19:29-04:00" level=info msg="POST\t/recent_topic\tRecentTopic\t2.936128475s"
time="2019-04-23T12:19:29-04:00" level=info msg="POST\t/recent_topic\tRecentTopic\t3.401067713s"
time="2019-04-23T12:19:30-04:00" level=info msg="POST\t/recent_topic\tRecentTopic\t3.608644548s"
time="2019-04-23T12:19:30-04:00" level=info msg="POST\t/recent_topic\tRecentTopic\t3.675287899s"
time="2019-04-23T12:19:30-04:00" level=info msg="POST\t/recent_topic\tRecentTopic\t3.715337777s"
time="2019-04-23T12:19:32-04:00" level=info msg="POST\t/recent_topic\tRecentTopic\t4.224986589s"
time="2019-04-23T12:19:33-04:00" level=info msg="POST\t/recent_topic\tRecentTopic\t3.722999729s"
time="2019-04-23T12:19:34-04:00" level=info msg="POST\t/recent_topic\tRecentTopic\t4.108342982s"
time="2019-04-23T12:19:34-04:00" level=info msg="POST\t/recent_topic\tRecentTopic\t3.170458039s"
time="2019-04-23T12:19:34-04:00" level=info msg="POST\t/recent_topic\tRecentTopic\t3.594791203s"
time="2019-04-23T12:19:34-04:00" level=info msg="POST\t/recent_topic\tRecentTopic\t3.761265233s"
time="2019-04-23T12:19:36-04:00" level=info msg="POST\t/recent_topic\tRecentTopic\t4.543768922s"
time="2019-04-23T12:19:37-04:00" level=info msg="POST\t/recent_topic\tRecentTopic\t2.915476613s"
time="2019-04-23T12:19:37-04:00" level=info msg="POST\t/recent_topic\tRecentTopic\t3.934711652s"
time="2019-04-23T12:19:38-04:00" level=info msg="POST\t/recent_topic\tRecentTopic\t4.038503208s"
time="2019-04-23T12:19:38-04:00" level=info msg="POST\t/recent_topic\tRecentTopic\t3.89131097s"
time="2019-04-23T12:19:39-04:00" level=info msg="POST\t/recent_topic\tRecentTopic\t4.254206958s"
time="2019-04-23T12:19:41-04:00" level=info msg="POST\t/recent_topic\tRecentTopic\t4.108948202s"
time="2019-04-23T12:19:41-04:00" level=info msg="POST\t/recent_topic\tRecentTopic\t3.522686355s"
time="2019-04-23T12:19:41-04:00" level=info msg="POST\t/recent_topic\tRecentTopic\t3.795080288s"
time="2019-04-23T12:19:42-04:00" level=info msg="POST\t/recent_topic\tRecentTopic\t3.913467935s"
time="2019-04-23T12:19:42-04:00" level=info msg="POST\t/recent_topic\tRecentTopic\t4.45202116s"
time="2019-04-23T12:19:42-04:00" level=info msg="POST\t/recent_topic\tRecentTopic\t3.54626792s"
time="2019-04-23T12:19:44-04:00" level=info msg="POST\t/recent_topic\tRecentTopic\t3.625777546s"
time="2019-04-23T12:19:44-04:00" level=info msg="POST\t/recent_topic\tRecentTopic\t3.774766484s"
time="2019-04-23T12:19:44-04:00" level=info msg="POST\t/recent_topic\tRecentTopic\t3.712742447s"
time="2019-04-23T12:19:45-04:00" level=info msg="POST\t/recent_topic\tRecentTopic\t2.758099971s"
time="2019-04-23T12:19:45-04:00" level=info msg="POST\t/recent_topic\tRecentTopic\t2.998682584s"
time="2019-04-23T12:19:45-04:00" level=info msg="POST\t/recent_topic\tRecentTopic\t3.140208251s"
time="2019-04-23T12:19:49-04:00" level=info msg="POST\t/recent_topic\tRecentTopic\t2.608628533s"
time="2019-04-23T12:19:50-04:00" level=info msg="POST\t/recent_topic\tRecentTopic\t3.458129922s"
time="2019-04-23T12:19:50-04:00" level=info msg="POST\t/recent_topic\tRecentTopic\t3.727008765s"
time="2019-04-23T12:19:50-04:00" level=info msg="POST\t/recent_topic\tRecentTopic\t3.79651008s"
time="2019-04-23T12:19:50-04:00" level=info msg="POST\t/recent_topic\tRecentTopic\t3.871004253s"
time="2019-04-23T12:19:50-04:00" level=info msg="POST\t/recent_topic\tRecentTopic\t4.031577707s"
time="2019-04-23T12:19:53-04:00" level=info msg="POST\t/recent_topic\tRecentTopic\t3.288578221s"
time="2019-04-23T12:19:53-04:00" level=info msg="POST\t/recent_topic\tRecentTopic\t4.495370233s"
time="2019-04-23T12:19:53-04:00" level=info msg="POST\t/recent_topic\tRecentTopic\t3.447164172s"
time="2019-04-23T12:19:54-04:00" level=info msg="POST\t/recent_topic\tRecentTopic\t3.713557079s"
time="2019-04-23T12:19:54-04:00" level=info msg="POST\t/recent_topic\tRecentTopic\t3.822242292s"
time="2019-04-23T12:19:54-04:00" level=info msg="POST\t/recent_topic\tRecentTopic\t4.075200015s"
time="2019-04-23T12:19:57-04:00" level=info msg="POST\t/recent_topic\tRecentTopic\t3.340268295s"
time="2019-04-23T12:19:57-04:00" level=info msg="POST\t/recent_topic\tRecentTopic\t3.830383226s"
time="2019-04-23T12:19:57-04:00" level=info msg="POST\t/recent_topic\tRecentTopic\t3.616729688s"
time="2019-04-23T12:19:57-04:00" level=info msg="POST\t/recent_topic\tRecentTopic\t3.687075973s"
time="2019-04-23T12:19:57-04:00" level=info msg="POST\t/recent_topic\tRecentTopic\t3.705365215s"
time="2019-04-23T12:19:58-04:00" level=info msg="POST\t/recent_topic\tRecentTopic\t3.77576458s"
time="2019-04-23T12:20:00-04:00" level=info msg="POST\t/recent_topic\tRecentTopic\t3.336944963s"
time="2019-04-23T12:20:00-04:00" level=info msg="POST\t/recent_topic\tRecentTopic\t3.286572373s"
time="2019-04-23T12:20:00-04:00" level=info msg="POST\t/recent_topic\tRecentTopic\t3.572823315s"
time="2019-04-23T12:20:01-04:00" level=info msg="POST\t/recent_topic\tRecentTopic\t3.396247826s"
time="2019-04-23T12:20:01-04:00" level=info msg="POST\t/recent_topic\tRecentTopic\t3.981671363s"
time="2019-04-23T12:20:02-04:00" level=info msg="POST\t/recent_topic\tRecentTopic\t4.21597915s"
time="2019-04-23T12:20:04-04:00" level=info msg="POST\t/recent_topic\tRecentTopic\t3.363799266s"
time="2019-04-23T12:20:04-04:00" level=info msg="POST\t/recent_topic\tRecentTopic\t4.161887482s"
time="2019-04-23T12:20:05-04:00" level=info msg="POST\t/recent_topic\tRecentTopic\t4.026644498s"
time="2019-04-23T12:20:05-04:00" level=info msg="POST\t/recent_topic\tRecentTopic\t4.406568882s"
time="2019-04-23T12:20:06-04:00" level=info msg="POST\t/recent_topic\tRecentTopic\t4.477333124s"
time="2019-04-23T12:20:06-04:00" level=info msg="POST\t/recent_topic\tRecentTopic\t3.673457986s"
time="2019-04-23T12:20:08-04:00" level=info msg="POST\t/recent_topic\tRecentTopic\t3.095770578s"
time="2019-04-23T12:20:08-04:00" level=info msg="POST\t/recent_topic\tRecentTopic\t3.885660992s"
time="2019-04-23T12:20:08-04:00" level=info msg="POST\t/recent_topic\tRecentTopic\t3.344654983s"
time="2019-04-23T12:20:09-04:00" level=info msg="POST\t/recent_topic\tRecentTopic\t3.967000738s"
time="2019-04-23T12:20:09-04:00" level=info msg="POST\t/recent_topic\tRecentTopic\t3.454632889s"
time="2019-04-23T12:20:10-04:00" level=info msg="POST\t/recent_topic\tRecentTopic\t3.491326585s"
time="2019-04-23T12:20:11-04:00" level=info msg="POST\t/recent_topic\tRecentTopic\t3.431929102s"
time="2019-04-23T12:20:12-04:00" level=info msg="POST\t/recent_topic\tRecentTopic\t3.603167784s"
time="2019-04-23T12:20:12-04:00" level=info msg="POST\t/recent_topic\tRecentTopic\t4.25715618s"
time="2019-04-23T12:20:13-04:00" level=info msg="POST\t/recent_topic\tRecentTopic\t3.403903187s"
time="2019-04-23T12:20:13-04:00" level=info msg="POST\t/recent_topic\tRecentTopic\t3.588828407s"
time="2019-04-23T12:20:13-04:00" level=info msg="POST\t/recent_topic\tRecentTopic\t3.838891984s"
time="2019-04-23T12:20:15-04:00" level=info msg="POST\t/recent_topic\tRecentTopic\t3.453459609s"
time="2019-04-23T12:20:15-04:00" level=info msg="POST\t/recent_topic\tRecentTopic\t3.372345356s"
time="2019-04-23T12:20:15-04:00" level=info msg="POST\t/recent_topic\tRecentTopic\t3.25519951s"
time="2019-04-23T12:20:16-04:00" level=info msg="POST\t/recent_topic\tRecentTopic\t3.286597114s"
time="2019-04-23T12:20:17-04:00" level=info msg="POST\t/recent_topic\tRecentTopic\t3.747030428s"
time="2019-04-23T12:20:17-04:00" level=info msg="POST\t/recent_topic\tRecentTopic\t3.875874968s"
time="2019-04-23T12:20:18-04:00" level=info msg="POST\t/recent_topic\tRecentTopic\t3.259081319s"
time="2019-04-23T12:20:18-04:00" level=info msg="POST\t/recent_topic\tRecentTopic\t3.530577955s"
time="2019-04-23T12:20:19-04:00" level=info msg="POST\t/recent_topic\tRecentTopic\t3.415733s"
time="2019-04-23T12:20:19-04:00" level=info msg="POST\t/recent_topic\tRecentTopic\t3.176073078s"
time="2019-04-23T12:20:21-04:00" level=info msg="POST\t/recent_topic\tRecentTopic\t3.961409603s"
time="2019-04-23T12:20:21-04:00" level=info msg="POST\t/recent_topic\tRecentTopic\t3.884791318s"
time="2019-04-23T12:20:22-04:00" level=info msg="POST\t/recent_topic\tRecentTopic\t3.11279852s"
time="2019-04-23T12:20:22-04:00" level=info msg="POST\t/recent_topic\tRecentTopic\t3.326011717s"
time="2019-04-23T12:20:23-04:00" level=info msg="POST\t/recent_topic\tRecentTopic\t3.619519061s"
time="2019-04-23T12:20:23-04:00" level=info msg="POST\t/recent_topic\tRecentTopic\t4.138682568s"
time="2019-04-23T12:20:25-04:00" level=info msg="POST\t/recent_topic\tRecentTopic\t3.472563894s"
time="2019-04-23T12:20:25-04:00" level=info msg="POST\t/recent_topic\tRecentTopic\t3.499298341s"
time="2019-04-23T12:20:25-04:00" level=info msg="POST\t/recent_topic\tRecentTopic\t3.243648516s"
time="2019-04-23T12:20:25-04:00" level=info msg="POST\t/recent_topic\tRecentTopic\t3.300392713s"
time="2019-04-23T12:20:27-04:00" level=info msg="POST\t/recent_topic\tRecentTopic\t3.861858289s"
time="2019-04-23T12:20:27-04:00" level=info msg="POST\t/recent_topic\tRecentTopic\t3.881975705s"
time="2019-04-23T12:20:28-04:00" level=info msg="POST\t/recent_topic\tRecentTopic\t3.300543357s"
time="2019-04-23T12:20:28-04:00" level=info msg="POST\t/recent_topic\tRecentTopic\t3.585206205s"
time="2019-04-23T12:20:29-04:00" level=info msg="POST\t/recent_topic\tRecentTopic\t3.66090107s"
time="2019-04-23T12:20:29-04:00" level=info msg="POST\t/recent_topic\tRecentTopic\t4.209788647s"
time="2019-04-23T12:20:31-04:00" level=info msg="POST\t/recent_topic\tRecentTopic\t3.957277721s"
time="2019-04-23T12:20:31-04:00" level=info msg="POST\t/recent_topic\tRecentTopic\t3.64390393s"
time="2019-04-23T12:20:32-04:00" level=info msg="POST\t/recent_topic\tRecentTopic\t3.496742869s"
time="2019-04-23T12:20:32-04:00" level=info msg="POST\t/recent_topic\tRecentTopic\t3.391438462s"
time="2019-04-23T12:20:32-04:00" level=info msg="POST\t/recent_topic\tRecentTopic\t3.404832684s"
time="2019-04-23T12:20:33-04:00" level=info msg="POST\t/recent_topic\tRecentTopic\t3.297344005s"
time="2019-04-23T12:20:34-04:00" level=info msg="POST\t/recent_topic\tRecentTopic\t3.21103134s"
time="2019-04-23T12:20:35-04:00" level=info msg="POST\t/recent_topic\tRecentTopic\t3.543216544s"
time="2019-04-23T12:20:35-04:00" level=info msg="POST\t/recent_topic\tRecentTopic\t3.38862327s"
time="2019-04-23T12:20:36-04:00" level=info msg="POST\t/recent_topic\tRecentTopic\t3.528164728s"
time="2019-04-23T12:20:36-04:00" level=info msg="POST\t/recent_topic\tRecentTopic\t3.688270873s"
time="2019-04-23T12:20:37-04:00" level=info msg="POST\t/recent_topic\tRecentTopic\t3.635010322s"
time="2019-04-23T12:20:38-04:00" level=info msg="POST\t/recent_topic\tRecentTopic\t3.691057191s"
time="2019-04-23T12:20:38-04:00" level=info msg="POST\t/recent_topic\tRecentTopic\t3.055617865s"
time="2019-04-23T12:20:39-04:00" level=info msg="POST\t/recent_topic\tRecentTopic\t3.969239054s"
time="2019-04-23T12:20:39-04:00" level=info msg="POST\t/recent_topic\tRecentTopic\t3.504186118s"
time="2019-04-23T12:20:40-04:00" level=info msg="POST\t/recent_topic\tRecentTopic\t3.936398544s"
time="2019-04-23T12:20:40-04:00" level=info msg="POST\t/recent_topic\tRecentTopic\t3.828442668s"
time="2019-04-23T12:20:41-04:00" level=info msg="POST\t/recent_topic\tRecentTopic\t2.907531782s"
time="2019-04-23T12:20:41-04:00" level=info msg="POST\t/recent_topic\tRecentTopic\t3.671454755s"
time="2019-04-23T12:20:43-04:00" level=info msg="POST\t/recent_topic\tRecentTopic\t3.533186132s"
time="2019-04-23T12:20:43-04:00" level=info msg="POST\t/recent_topic\tRecentTopic\t3.762825812s"
time="2019-04-23T12:20:44-04:00" level=info msg="POST\t/recent_topic\tRecentTopic\t3.762593943s"
time="2019-04-23T12:20:45-04:00" level=info msg="POST\t/recent_topic\tRecentTopic\t4.008731436s"
time="2019-04-23T12:20:45-04:00" level=info msg="POST\t/recent_topic\tRecentTopic\t3.430840556s"
time="2019-04-23T12:20:45-04:00" level=info msg="POST\t/recent_topic\tRecentTopic\t3.748863815s"
time="2019-04-23T12:20:46-04:00" level=info msg="POST\t/recent_topic\tRecentTopic\t2.863492208s"
time="2019-04-23T12:20:46-04:00" level=info msg="POST\t/recent_topic\tRecentTopic\t2.924126048s"
time="2019-04-23T12:20:46-04:00" level=info msg="POST\t/recent_topic\tRecentTopic\t2.496132142s"
time="2019-04-23T12:20:51-04:00" level=info msg="POST\t/recent_topic\tRecentTopic\t3.239443841s"
time="2019-04-23T12:20:52-04:00" level=info msg="POST\t/recent_topic\tRecentTopic\t3.406768433s"
time="2019-04-23T12:20:52-04:00" level=info msg="POST\t/recent_topic\tRecentTopic\t3.385382402s"
time="2019-04-23T12:20:52-04:00" level=info msg="POST\t/recent_topic\tRecentTopic\t3.466205902s"
time="2019-04-23T12:20:52-04:00" level=info msg="POST\t/recent_topic\tRecentTopic\t3.612997078s"
time="2019-04-23T12:20:52-04:00" level=info msg="POST\t/recent_topic\tRecentTopic\t3.866990198s"
time="2019-04-23T12:20:55-04:00" level=info msg="POST\t/recent_topic\tRecentTopic\t3.087984162s"
time="2019-04-23T12:20:55-04:00" level=info msg="POST\t/recent_topic\tRecentTopic\t3.54042379s"
time="2019-04-23T12:20:55-04:00" level=info msg="POST\t/recent_topic\tRecentTopic\t3.615122107s"
time="2019-04-23T12:20:55-04:00" level=info msg="POST\t/recent_topic\tRecentTopic\t3.625070803s"
time="2019-04-23T12:20:56-04:00" level=info msg="POST\t/recent_topic\tRecentTopic\t3.94648617s"
time="2019-04-23T12:20:56-04:00" level=info msg="POST\t/recent_topic\tRecentTopic\t3.429598937s"
time="2019-04-23T12:20:58-04:00" level=info msg="POST\t/recent_topic\tRecentTopic\t3.167276702s"
time="2019-04-23T12:20:58-04:00" level=info msg="POST\t/recent_topic\tRecentTopic\t3.4068295s"
time="2019-04-23T12:20:58-04:00" level=info msg="POST\t/recent_topic\tRecentTopic\t3.504277582s"
time="2019-04-23T12:20:59-04:00" level=info msg="POST\t/recent_topic\tRecentTopic\t3.287294754s"
time="2019-04-23T12:20:59-04:00" level=info msg="POST\t/recent_topic\tRecentTopic\t3.673598748s"
time="2019-04-23T12:20:59-04:00" level=info msg="POST\t/recent_topic\tRecentTopic\t3.678265546s"
time="2019-04-23T12:21:01-04:00" level=info msg="POST\t/recent_topic\tRecentTopic\t2.947059565s"
time="2019-04-23T12:21:02-04:00" level=info msg="POST\t/recent_topic\tRecentTopic\t3.017486562s"
time="2019-04-23T12:21:02-04:00" level=info msg="POST\t/recent_topic\tRecentTopic\t3.014431239s"
time="2019-04-23T12:21:02-04:00" level=info msg="POST\t/recent_topic\tRecentTopic\t3.763339285s"
time="2019-04-23T12:21:03-04:00" level=info msg="POST\t/recent_topic\tRecentTopic\t3.520567249s"
time="2019-04-23T12:21:03-04:00" level=info msg="POST\t/recent_topic\tRecentTopic\t3.980619857s"
time="2019-04-23T12:21:05-04:00" level=info msg="POST\t/recent_topic\tRecentTopic\t3.454155911s"
time="2019-04-23T12:21:05-04:00" level=info msg="POST\t/recent_topic\tRecentTopic\t3.586540826s"
time="2019-04-23T12:21:05-04:00" level=info msg="POST\t/recent_topic\tRecentTopic\t2.56854072s"
time="2019-04-23T12:21:06-04:00" level=info msg="POST\t/recent_topic\tRecentTopic\t3.924051989s"
time="2019-04-23T12:21:06-04:00" level=info msg="POST\t/recent_topic\tRecentTopic\t3.596557449s"
time="2019-04-23T12:21:07-04:00" level=info msg="POST\t/recent_topic\tRecentTopic\t3.591570251s"
time="2019-04-23T12:21:08-04:00" level=info msg="POST\t/recent_topic\tRecentTopic\t2.972411292s"
time="2019-04-23T12:21:08-04:00" level=info msg="POST\t/recent_topic\tRecentTopic\t2.983186628s"
time="2019-04-23T12:21:09-04:00" level=info msg="POST\t/recent_topic\tRecentTopic\t3.606808067s"
time="2019-04-23T12:21:09-04:00" level=info msg="POST\t/recent_topic\tRecentTopic\t3.520167177s"
time="2019-04-23T12:21:10-04:00" level=info msg="POST\t/recent_topic\tRecentTopic\t3.597617698s"
time="2019-04-23T12:21:11-04:00" level=info msg="POST\t/recent_topic\tRecentTopic\t4.34189014s"
time="2019-04-23T12:21:12-04:00" level=info msg="POST\t/recent_topic\tRecentTopic\t3.472317292s"
time="2019-04-23T12:21:12-04:00" level=info msg="POST\t/recent_topic\tRecentTopic\t4.049771363s"
time="2019-04-23T12:21:13-04:00" level=info msg="POST\t/recent_topic\tRecentTopic\t3.956261703s"
time="2019-04-23T12:21:13-04:00" level=info msg="POST\t/recent_topic\tRecentTopic\t4.143207681s"
time="2019-04-23T12:21:14-04:00" level=info msg="POST\t/recent_topic\tRecentTopic\t3.61020784s"
time="2019-04-23T12:21:15-04:00" level=info msg="POST\t/recent_topic\tRecentTopic\t3.436480497s"
time="2019-04-23T12:21:16-04:00" level=info msg="POST\t/recent_topic\tRecentTopic\t4.057271634s"
time="2019-04-23T12:21:16-04:00" level=info msg="POST\t/recent_topic\tRecentTopic\t3.513012428s"
time="2019-04-23T12:21:17-04:00" level=info msg="POST\t/recent_topic\tRecentTopic\t3.016900736s"
time="2019-04-23T12:21:17-04:00" level=info msg="POST\t/recent_topic\tRecentTopic\t3.953250223s"
time="2019-04-23T12:21:18-04:00" level=info msg="POST\t/recent_topic\tRecentTopic\t3.786815494s"
time="2019-04-23T12:21:19-04:00" level=info msg="POST\t/recent_topic\tRecentTopic\t4.089111201s"
time="2019-04-23T12:21:20-04:00" level=info msg="POST\t/recent_topic\tRecentTopic\t3.583694895s"
time="2019-04-23T12:21:20-04:00" level=info msg="POST\t/recent_topic\tRecentTopic\t3.591963089s"
time="2019-04-23T12:21:20-04:00" level=info msg="POST\t/recent_topic\tRecentTopic\t3.742579689s"
time="2019-04-23T12:21:21-04:00" level=info msg="POST\t/recent_topic\tRecentTopic\t4.094001372s"
time="2019-04-23T12:21:21-04:00" level=info msg="POST\t/recent_topic\tRecentTopic\t3.422180281s"
time="2019-04-23T12:21:23-04:00" level=info msg="POST\t/recent_topic\tRecentTopic\t2.780440396s"
time="2019-04-23T12:21:23-04:00" level=info msg="POST\t/recent_topic\tRecentTopic\t3.604314851s"
time="2019-04-23T12:21:24-04:00" level=info msg="POST\t/recent_topic\tRecentTopic\t3.654819998s"
time="2019-04-23T12:21:25-04:00" level=info msg="POST\t/recent_topic\tRecentTopic\t4.029464668s"
time="2019-04-23T12:21:25-04:00" level=info msg="POST\t/recent_topic\tRecentTopic\t3.431682019s"
time="2019-04-23T12:21:25-04:00" level=info msg="POST\t/recent_topic\tRecentTopic\t3.526100151s"
time="2019-04-23T12:21:26-04:00" level=info msg="POST\t/recent_topic\tRecentTopic\t3.328733505s"
time="2019-04-23T12:21:27-04:00" level=info msg="POST\t/recent_topic\tRecentTopic\t3.827159043s"
time="2019-04-23T12:21:27-04:00" level=info msg="POST\t/recent_topic\tRecentTopic\t3.365307049s"
time="2019-04-23T12:21:28-04:00" level=info msg="POST\t/recent_topic\tRecentTopic\t3.488259351s"
time="2019-04-23T12:21:28-04:00" level=info msg="POST\t/recent_topic\tRecentTopic\t3.487966622s"
time="2019-04-23T12:21:28-04:00" level=info msg="POST\t/recent_topic\tRecentTopic\t3.496488224s"
time="2019-04-23T12:21:30-04:00" level=info msg="POST\t/recent_topic\tRecentTopic\t3.540272116s"
time="2019-04-23T12:21:30-04:00" level=info msg="POST\t/recent_topic\tRecentTopic\t3.114950762s"
time="2019-04-23T12:21:31-04:00" level=info msg="POST\t/recent_topic\tRecentTopic\t3.477689806s"
time="2019-04-23T12:21:32-04:00" level=info msg="POST\t/recent_topic\tRecentTopic\t3.387146112s"
time="2019-04-23T12:21:32-04:00" level=info msg="POST\t/recent_topic\tRecentTopic\t3.512606598s"
time="2019-04-23T12:21:32-04:00" level=info msg="POST\t/recent_topic\tRecentTopic\t3.533111133s"
time="2019-04-23T12:21:33-04:00" level=info msg="POST\t/recent_topic\tRecentTopic\t3.255153311s"
time="2019-04-23T12:21:33-04:00" level=info msg="POST\t/recent_topic\tRecentTopic\t3.365231286s"
time="2019-04-23T12:21:35-04:00" level=info msg="POST\t/recent_topic\tRecentTopic\t3.994293931s"
time="2019-04-23T12:21:35-04:00" level=info msg="POST\t/recent_topic\tRecentTopic\t3.291810607s"
time="2019-04-23T12:21:35-04:00" level=info msg="POST\t/recent_topic\tRecentTopic\t3.402569281s"
time="2019-04-23T12:21:36-04:00" level=info msg="POST\t/recent_topic\tRecentTopic\t3.632529023s"
time="2019-04-23T12:21:37-04:00" level=info msg="POST\t/recent_topic\tRecentTopic\t3.653373736s"
time="2019-04-23T12:21:37-04:00" level=info msg="POST\t/recent_topic\tRecentTopic\t3.734634333s"
time="2019-04-23T12:21:39-04:00" level=info msg="POST\t/recent_topic\tRecentTopic\t3.690601972s"
time="2019-04-23T12:21:39-04:00" level=info msg="POST\t/recent_topic\tRecentTopic\t3.560411413s"
time="2019-04-23T12:21:39-04:00" level=info msg="POST\t/recent_topic\tRecentTopic\t3.500089962s"
time="2019-04-23T12:21:39-04:00" level=info msg="POST\t/recent_topic\tRecentTopic\t3.398126948s"
time="2019-04-23T12:21:40-04:00" level=info msg="POST\t/recent_topic\tRecentTopic\t3.330264s"
time="2019-04-23T12:21:41-04:00" level=info msg="POST\t/recent_topic\tRecentTopic\t3.829622407s"
time="2019-04-23T12:21:42-04:00" level=info msg="POST\t/recent_topic\tRecentTopic\t3.43530764s"
time="2019-04-23T12:21:42-04:00" level=info msg="POST\t/recent_topic\tRecentTopic\t3.627040703s"
time="2019-04-23T12:21:43-04:00" level=info msg="POST\t/recent_topic\tRecentTopic\t3.542094341s"
time="2019-04-23T12:21:43-04:00" level=info msg="POST\t/recent_topic\tRecentTopic\t3.749543727s"
time="2019-04-23T12:21:44-04:00" level=info msg="POST\t/recent_topic\tRecentTopic\t3.941479116s"
time="2019-04-23T12:21:45-04:00" level=info msg="POST\t/recent_topic\tRecentTopic\t3.587661413s"
time="2019-04-23T12:21:46-04:00" level=info msg="POST\t/recent_topic\tRecentTopic\t3.651931386s"
time="2019-04-23T12:21:46-04:00" level=info msg="POST\t/recent_topic\tRecentTopic\t3.51935571s"
time="2019-04-23T12:21:46-04:00" level=info msg="POST\t/recent_topic\tRecentTopic\t3.613784643s"
time="2019-04-23T12:21:46-04:00" level=info msg="POST\t/recent_topic\tRecentTopic\t3.695559605s"
time="2019-04-23T12:21:48-04:00" level=info msg="POST\t/recent_topic\tRecentTopic\t3.083161506s"
time="2019-04-23T12:21:48-04:00" level=info msg="POST\t/recent_topic\tRecentTopic\t3.450441437s"
time="2019-04-23T12:21:50-04:00" level=info msg="POST\t/recent_topic\tRecentTopic\t3.365033073s"
time="2019-04-23T12:21:50-04:00" level=info msg="POST\t/recent_topic\tRecentTopic\t3.273535664s"
time="2019-04-23T12:21:50-04:00" level=info msg="POST\t/recent_topic\tRecentTopic\t3.653955631s"
time="2019-04-23T12:21:50-04:00" level=info msg="POST\t/recent_topic\tRecentTopic\t3.545614231s"
time="2019-04-23T12:21:51-04:00" level=info msg="POST\t/recent_topic\tRecentTopic\t3.244363975s"
time="2019-04-23T12:21:51-04:00" level=info msg="POST\t/recent_topic\tRecentTopic\t3.494184241s"
time="2019-04-23T12:21:53-04:00" level=info msg="POST\t/recent_topic\tRecentTopic\t3.129440778s"
time="2019-04-23T12:21:53-04:00" level=info msg="POST\t/recent_topic\tRecentTopic\t3.435162731s"
time="2019-04-23T12:21:53-04:00" level=info msg="POST\t/recent_topic\tRecentTopic\t3.461328425s"
time="2019-04-23T12:21:53-04:00" level=info msg="POST\t/recent_topic\tRecentTopic\t3.520060016s"
time="2019-04-23T12:21:55-04:00" level=info msg="POST\t/recent_topic\tRecentTopic\t3.690275265s"
time="2019-04-23T12:21:55-04:00" level=info msg="POST\t/recent_topic\tRecentTopic\t3.717673479s"
time="2019-04-23T12:21:57-04:00" level=info msg="POST\t/recent_topic\tRecentTopic\t3.436761735s"
time="2019-04-23T12:21:57-04:00" level=info msg="POST\t/recent_topic\tRecentTopic\t3.509246342s"
time="2019-04-23T12:21:57-04:00" level=info msg="POST\t/recent_topic\tRecentTopic\t3.689369496s"
time="2019-04-23T12:21:57-04:00" level=info msg="POST\t/recent_topic\tRecentTopic\t3.751644861s"
time="2019-04-23T12:21:59-04:00" level=info msg="POST\t/recent_topic\tRecentTopic\t3.43548282s"
time="2019-04-23T12:21:59-04:00" level=info msg="POST\t/recent_topic\tRecentTopic\t3.540747832s"
time="2019-04-23T12:22:00-04:00" level=info msg="POST\t/recent_topic\tRecentTopic\t3.62241467s"
time="2019-04-23T12:22:00-04:00" level=info msg="POST\t/recent_topic\tRecentTopic\t3.292368954s"
time="2019-04-23T12:22:01-04:00" level=info msg="POST\t/recent_topic\tRecentTopic\t3.503757012s"
time="2019-04-23T12:22:01-04:00" level=info msg="POST\t/recent_topic\tRecentTopic\t3.757603054s"
time="2019-04-23T12:22:02-04:00" level=info msg="POST\t/recent_topic\tRecentTopic\t3.074738262s"
time="2019-04-23T12:22:03-04:00" level=info msg="POST\t/recent_topic\tRecentTopic\t3.972844138s"
time="2019-04-23T12:22:04-04:00" level=info msg="POST\t/recent_topic\tRecentTopic\t3.498146137s"
time="2019-04-23T12:22:04-04:00" level=info msg="POST\t/recent_topic\tRecentTopic\t3.336113933s"
time="2019-04-23T12:22:04-04:00" level=info msg="POST\t/recent_topic\tRecentTopic\t3.777728201s"
time="2019-04-23T12:22:05-04:00" level=info msg="POST\t/recent_topic\tRecentTopic\t3.930901005s"
time="2019-04-23T12:22:06-04:00" level=info msg="POST\t/recent_topic\tRecentTopic\t3.906540216s"
time="2019-04-23T12:22:07-04:00" level=info msg="POST\t/recent_topic\tRecentTopic\t3.685072272s"
time="2019-04-23T12:22:08-04:00" level=info msg="POST\t/recent_topic\tRecentTopic\t3.70315136s"
time="2019-04-23T12:22:08-04:00" level=info msg="POST\t/recent_topic\tRecentTopic\t3.815092717s"
time="2019-04-23T12:22:08-04:00" level=info msg="POST\t/recent_topic\tRecentTopic\t3.843905804s"
time="2019-04-23T12:22:09-04:00" level=info msg="POST\t/recent_topic\tRecentTopic\t3.945677314s"
time="2019-04-23T12:22:10-04:00" level=info msg="POST\t/recent_topic\tRecentTopic\t3.456097524s"
time="2019-04-23T12:22:11-04:00" level=info msg="POST\t/recent_topic\tRecentTopic\t3.589808935s"
time="2019-04-23T12:22:12-04:00" level=info msg="POST\t/recent_topic\tRecentTopic\t3.407355266s"
time="2019-04-23T12:22:12-04:00" level=info msg="POST\t/recent_topic\tRecentTopic\t3.661626396s"
time="2019-04-23T12:22:12-04:00" level=info msg="POST\t/recent_topic\tRecentTopic\t3.749367364s"
time="2019-04-23T12:22:13-04:00" level=info msg="POST\t/recent_topic\tRecentTopic\t4.008340686s"
time="2019-04-23T12:22:14-04:00" level=info msg="POST\t/recent_topic\tRecentTopic\t3.573511067s"
time="2019-04-23T12:22:15-04:00" level=info msg="POST\t/recent_topic\tRecentTopic\t3.833058966s"
time="2019-04-23T12:22:15-04:00" level=info msg="POST\t/recent_topic\tRecentTopic\t3.090859243s"
time="2019-04-23T12:22:16-04:00" level=info msg="POST\t/recent_topic\tRecentTopic\t3.442109307s"
time="2019-04-23T12:22:16-04:00" level=info msg="POST\t/recent_topic\tRecentTopic\t3.506991125s"
time="2019-04-23T12:22:17-04:00" level=info msg="POST\t/recent_topic\tRecentTopic\t3.570208263s"
time="2019-04-23T12:22:18-04:00" level=info msg="POST\t/recent_topic\tRecentTopic\t3.916732717s"
time="2019-04-23T12:22:18-04:00" level=info msg="POST\t/recent_topic\tRecentTopic\t3.191409877s"
time="2019-04-23T12:22:19-04:00" level=info msg="POST\t/recent_topic\tRecentTopic\t3.69198763s"
time="2019-04-23T12:22:19-04:00" level=info msg="POST\t/recent_topic\tRecentTopic\t3.19487305s"
time="2019-04-23T12:22:19-04:00" level=info msg="POST\t/recent_topic\tRecentTopic\t3.229178009s"
time="2019-04-23T12:22:20-04:00" level=info msg="POST\t/recent_topic\tRecentTopic\t2.398542602s"
time="2019-04-23T12:22:20-04:00" level=info msg="POST\t/recent_topic\tRecentTopic\t2.130931164s"
time="2019-04-23T12:22:24-04:00" level=info msg="POST\t/recent_topic\tRecentTopic\t2.566155697s"
time="2019-04-23T12:22:24-04:00" level=info msg="POST\t/recent_topic\tRecentTopic\t3.310679955s"
time="2019-04-23T12:22:24-04:00" level=info msg="POST\t/recent_topic\tRecentTopic\t3.308189556s"
time="2019-04-23T12:22:24-04:00" level=info msg="POST\t/recent_topic\tRecentTopic\t3.349858908s"
time="2019-04-23T12:22:25-04:00" level=info msg="POST\t/recent_topic\tRecentTopic\t3.398622478s"
time="2019-04-23T12:22:25-04:00" level=info msg="POST\t/recent_topic\tRecentTopic\t3.492185372s"
time="2019-04-23T12:22:26-04:00" level=info msg="POST\t/recent_topic\tRecentTopic\t2.56055971s"
time="2019-04-23T12:22:27-04:00" level=info msg="POST\t/recent_topic\tRecentTopic\t2.355591172s"
time="2019-04-23T12:22:28-04:00" level=info msg="POST\t/recent_topic\tRecentTopic\t3.292013307s"
time="2019-04-23T12:22:28-04:00" level=info msg="POST\t/recent_topic\tRecentTopic\t3.321238491s"
time="2019-04-23T12:22:28-04:00" level=info msg="POST\t/recent_topic\tRecentTopic\t3.603229394s"
time="2019-04-23T12:22:28-04:00" level=info msg="POST\t/recent_topic\tRecentTopic\t3.851607893s"
time="2019-04-23T12:22:30-04:00" level=info msg="POST\t/recent_topic\tRecentTopic\t3.936404074s"
time="2019-04-23T12:22:31-04:00" level=info msg="POST\t/recent_topic\tRecentTopic\t3.9322544s"
time="2019-04-23T12:22:32-04:00" level=info msg="POST\t/recent_topic\tRecentTopic\t3.444142506s"
time="2019-04-23T12:22:32-04:00" level=info msg="POST\t/recent_topic\tRecentTopic\t3.649348606s"
time="2019-04-23T12:22:32-04:00" level=info msg="POST\t/recent_topic\tRecentTopic\t3.325919181s"
time="2019-04-23T12:22:32-04:00" level=info msg="POST\t/recent_topic\tRecentTopic\t3.735136552s"
time="2019-04-23T12:22:34-04:00" level=info msg="POST\t/recent_topic\tRecentTopic\t2.711627155s"
time="2019-04-23T12:22:34-04:00" level=info msg="POST\t/recent_topic\tRecentTopic\t3.236274307s"
time="2019-04-23T12:22:35-04:00" level=info msg="POST\t/recent_topic\tRecentTopic\t3.206716824s"
time="2019-04-23T12:22:36-04:00" level=info msg="POST\t/recent_topic\tRecentTopic\t3.612442651s"
time="2019-04-23T12:22:36-04:00" level=info msg="POST\t/recent_topic\tRecentTopic\t3.841216013s"
time="2019-04-23T12:22:36-04:00" level=info msg="POST\t/recent_topic\tRecentTopic\t3.927907816s"
time="2019-04-23T12:22:37-04:00" level=info msg="POST\t/recent_topic\tRecentTopic\t3.322294147s"
time="2019-04-23T12:22:38-04:00" level=info msg="POST\t/recent_topic\tRecentTopic\t4.03776609s"
time="2019-04-23T12:22:39-04:00" level=info msg="POST\t/recent_topic\tRecentTopic\t3.115998961s"
time="2019-04-23T12:22:39-04:00" level=info msg="POST\t/recent_topic\tRecentTopic\t3.726968951s"
time="2019-04-23T12:22:39-04:00" level=info msg="POST\t/recent_topic\tRecentTopic\t3.372215461s"
time="2019-04-23T12:22:40-04:00" level=info msg="POST\t/recent_topic\tRecentTopic\t4.072768196s"
time="2019-04-23T12:22:41-04:00" level=info msg="POST\t/recent_topic\tRecentTopic\t3.404570662s"
time="2019-04-23T12:22:42-04:00" level=info msg="POST\t/recent_topic\tRecentTopic\t4.0659003s"
time="2019-04-23T12:22:43-04:00" level=info msg="POST\t/recent_topic\tRecentTopic\t3.5318355s"
time="2019-04-23T12:22:43-04:00" level=info msg="POST\t/recent_topic\tRecentTopic\t3.555621129s"
time="2019-04-23T12:22:43-04:00" level=info msg="POST\t/recent_topic\tRecentTopic\t3.562022589s"
time="2019-04-23T12:22:44-04:00" level=info msg="POST\t/recent_topic\tRecentTopic\t3.461165156s"
time="2019-04-23T12:22:45-04:00" level=info msg="POST\t/recent_topic\tRecentTopic\t3.720550455s"
time="2019-04-23T12:22:45-04:00" level=info msg="POST\t/recent_topic\tRecentTopic\t3.004456726s"
time="2019-04-23T12:22:46-04:00" level=info msg="POST\t/recent_topic\tRecentTopic\t2.981884112s"
time="2019-04-23T12:22:46-04:00" level=info msg="POST\t/recent_topic\tRecentTopic\t3.462385523s"
time="2019-04-23T12:22:46-04:00" level=info msg="POST\t/recent_topic\tRecentTopic\t3.577448662s"
time="2019-04-23T12:22:48-04:00" level=info msg="POST\t/recent_topic\tRecentTopic\t3.895126506s"
time="2019-04-23T12:22:48-04:00" level=info msg="POST\t/recent_topic\tRecentTopic\t3.351235032s"
time="2019-04-23T12:22:49-04:00" level=info msg="POST\t/recent_topic\tRecentTopic\t4.079238865s"
time="2019-04-23T12:22:50-04:00" level=info msg="POST\t/recent_topic\tRecentTopic\t3.886997306s"
time="2019-04-23T12:22:50-04:00" level=info msg="POST\t/recent_topic\tRecentTopic\t3.603399646s"
time="2019-04-23T12:22:50-04:00" level=info msg="POST\t/recent_topic\tRecentTopic\t3.784703196s"
time="2019-04-23T12:22:51-04:00" level=info msg="POST\t/recent_topic\tRecentTopic\t2.850785957s"
time="2019-04-23T12:22:51-04:00" level=info msg="POST\t/recent_topic\tRecentTopic\t2.900311866s"
time="2019-04-23T12:24:27-04:00" level=info msg="POST\t/recent_topic\tRecentTopic\t1.079976664s"
time="2019-04-23T12:25:17-04:00" level=info msg="POST\t/recent_topic\tRecentTopic\t1.06699501s"
time="2019-04-23T12:25:43-04:00" level=info msg="POST\t/recent_topic\tRecentTopic\t1.084087117s"
time="2019-04-23T12:27:22-04:00" level=info msg="POST\t/recent_topic\tRecentTopic\t1.109305882s"
time="2019-04-23T12:28:44-04:00" level=info msg="POST\t/recent_topic\tRecentTopic\t1.084205311s"
time="2019-04-23T12:29:09-04:00" level=info msg="POST\t/recent_topic\tRecentTopic\t1.070546402s"
time="2019-04-23T12:29:11-04:00" level=info msg="POST\t/recent_topic\tRecentTopic\t1.087762403s"
time="2019-04-23T12:29:23-04:00" level=info msg="POST\t/recent_topic\tRecentTopic\t1.074197601s"
time="2019-04-23T12:30:53-04:00" level=info msg="POST\t/recent_topic\tRecentTopic\t1.111584789s"
time="2019-04-23T12:31:33-04:00" level=info msg="POST\t/recent_topic\tRecentTopic\t1.144802413s"
time="2019-04-23T12:31:36-04:00" level=info msg="POST\t/recent_topic\tRecentTopic\t1.222064295s"
time="2019-04-23T12:31:55-04:00" level=info msg="POST\t/recent_topic\tRecentTopic\t1.12506229s"
time="2019-04-23T12:32:39-04:00" level=info msg="POST\t/recent_topic\tRecentTopic\t1.099500346s"
time="2019-04-23T12:33:17-04:00" level=info msg="POST\t/most_similar\tMostSimilar\t944.909176ms"
time="2019-04-23T12:33:47-04:00" level=info msg="POST\t/recent_topic\tRecentTopic\t1.073452469s"
time="2019-04-23T12:36:17-04:00" level=info msg="POST\t/recent_topic\tRecentTopic\t1.07643673s"
time="2019-04-23T12:36:57-04:00" level=info msg="POST\t/recent_topic\tRecentTopic\t1.081360859s"
time="2019-04-23T12:37:56-04:00" level=info msg="POST\t/recent_topic\tRecentTopic\t1.089029189s"
time="2019-04-23T12:38:33-04:00" level=info msg="POST\t/recent_topic\tRecentTopic\t1.117307553s"
time="2019-04-23T12:39:50-04:00" level=info msg="POST\t/recent_topic\tRecentTopic\t1.090540347s"
time="2019-04-23T12:40:30-04:00" level=info msg="POST\t/recent_topic\tRecentTopic\t1.101416084s"
time="2019-04-23T12:41:44-04:00" level=info msg="POST\t/recent_topic\tRecentTopic\t1.07598554s"
time="2019-04-23T12:41:54-04:00" level=info msg="POST\t/recent_topic\tRecentTopic\t1.087458831s"
time="2019-04-23T12:42:05-04:00" level=info msg="POST\t/recent_topic\tRecentTopic\t1.082858164s"
time="2019-04-23T12:43:38-04:00" level=info msg="POST\t/recent_topic\tRecentTopic\t1.098759829s"
time="2019-04-23T12:44:24-04:00" level=info msg="POST\t/recent_topic\tRecentTopic\t1.138224427s"
time="2019-04-23T12:44:36-04:00" level=info msg="POST\t/recent_topic\tRecentTopic\t1.098521344s"
time="2019-04-23T12:45:06-04:00" level=info msg="POST\t/recent_topic\tRecentTopic\t1.11128852s"
time="2019-04-23T12:45:09-04:00" level=info msg="POST\t/recent_topic\tRecentTopic\t1.100527033s"
time="2019-04-23T12:45:37-04:00" level=info msg="POST\t/recent_topic\tRecentTopic\t1.116242868s"
time="2019-04-23T12:46:05-04:00" level=info msg="POST\t/most_similar\tMostSimilar\t938.399928ms"
time="2019-04-23T12:46:16-04:00" level=info msg="POST\t/most_similar\tMostSimilar\t913.607752ms"
time="2019-04-23T12:46:23-04:00" level=info msg="POST\t/most_similar\tMostSimilar\t924.552538ms"
time="2019-04-23T12:46:37-04:00" level=info msg="POST\t/most_similar\tMostSimilar\t930.363554ms"
time="2019-04-23T12:46:46-04:00" level=info msg="POST\t/most_similar\tMostSimilar\t952.228454ms"
time="2019-04-23T12:47:49-04:00" level=info msg="POST\t/recent_topic\tRecentTopic\t1.908066816s"
time="2019-04-23T12:51:31-04:00" level=info msg="POST\t/recent_topic\tRecentTopic\t1.228563472s"
time="2019-04-23T13:01:52-04:00" level=info msg="POST\t/recent_topic\tRecentTopic\t1.206201104s"
time="2019-04-23T13:05:42-04:00" level=info msg="POST\t/recent_topic\tRecentTopic\t1.228264767s"
time="2019-04-23T13:08:09-04:00" level=info msg="POST\t/recent_topic\tRecentTopic\t1.179899119s"
time="2019-04-23T13:08:11-04:00" level=info msg="POST\t/recent_topic\tRecentTopic\t1.226121741s"
time="2019-04-23T13:08:44-04:00" level=info msg="POST\t/recent_topic\tRecentTopic\t1.220973584s"
time="2019-04-23T13:09:50-04:00" level=info msg="POST\t/recent_topic\tRecentTopic\t1.185326675s"
time="2019-04-23T13:10:21-04:00" level=info msg="POST\t/recent_topic\tRecentTopic\t1.215590556s"
time="2019-04-23T13:10:24-04:00" level=info msg="POST\t/recent_topic\tRecentTopic\t1.202083084s"
time="2019-04-23T14:54:20-04:00" level=info msg="POST\t/recent_topic\tRecentTopic\t1.192188515s"
time="2019-04-23T14:55:53-04:00" level=info msg="POST\t/recent_topic\tRecentTopic\t1.287049722s"
time="2019-04-23T16:25:44-04:00" level=info msg="POST\t/recent_topic\tRecentTopic\t1.383321896s"
time="2019-04-23T16:26:54-04:00" level=info msg="POST\t/most_similar\tMostSimilar\t1.040208929s"
time="2019-04-23T16:27:21-04:00" level=info msg="POST\t/most_similar\tMostSimilar\t1.07410385s"
time="2019-04-23T16:28:05-04:00" level=info msg="POST\t/most_similar\tMostSimilar\t1.050251526s"
time="2019-04-23T16:28:31-04:00" level=info msg="POST\t/recent_topic\tRecentTopic\t1.241080533s"
time="2019-04-23T16:28:46-04:00" level=info msg="POST\t/most_similar\tMostSimilar\t1.045189989s"
time="2019-04-23T16:28:55-04:00" level=info msg="POST\t/most_similar\tMostSimilar\t1.040097279s"
time="2019-04-23T16:29:05-04:00" level=info msg="POST\t/most_similar\tMostSimilar\t1.055070183s"
time="2019-04-23T16:30:14-04:00" level=info msg="POST\t/most_similar\tMostSimilar\t1.052550327s"
time="2019-04-23T16:30:52-04:00" level=info msg="POST\t/most_similar\tMostSimilar\t1.059474694s"
time="2019-04-23T19:39:20-04:00" level=info msg="POST\t/recent_topic\tRecentTopic\t1.137425455s"
time="2019-04-23T19:39:41-04:00" level=info msg="POST\t/recent_topic\tRecentTopic\t1.14472515s"
time="2019-04-23T19:45:43-04:00" level=info msg="POST\t/recent_topic\tRecentTopic\t1.172986358s"
time="2019-04-23T20:20:31-04:00" level=info msg="POST\t/recent_topic\tRecentTopic\t1.181142365s"
time="2019-04-23T21:35:11-04:00" level=info msg="POST\t/recent_topic\tRecentTopic\t1.223458259s"
time="2019-04-23T21:40:07-04:00" level=info msg="POST\t/recent_topic\tRecentTopic\t1.465432785s"
time="2019-04-23T21:40:08-04:00" level=info msg="POST\t/recent_topic\tRecentTopic\t959.345774ms"
time="2019-04-23T21:40:11-04:00" level=info msg="POST\t/recent_topic\tRecentTopic\t936.755555ms"
time="2019-04-23T21:40:49-04:00" level=info msg="POST\t/recent_topic\tRecentTopic\t971.319237ms"
time="2019-04-23T21:59:25-04:00" level=info msg="POST\t/recent_topic\tRecentTopic\t996.595581ms"
time="2019-04-23T22:00:23-04:00" level=info msg="POST\t/recent_topic\tRecentTopic\t952.026273ms"
time="2019-04-23T22:02:49-04:00" level=info msg="POST\t/recent_topic\tRecentTopic\t947.859379ms"
time="2019-04-23T22:08:13-04:00" level=info msg="POST\t/most_similar\tMostSimilar\t995.013236ms"
time="2019-04-23T22:09:25-04:00" level=info msg="POST\t/most_similar\tMostSimilar\t1.001898823s"
time="2019-04-23T22:10:40-04:00" level=info msg="POST\t/most_similar\tMostSimilar\t1.006573832s"
time="2019-04-23T22:11:07-04:00" level=info msg="POST\t/most_similar\tMostSimilar\t992.861307ms"
time="2019-04-23T22:11:39-04:00" level=info msg="POST\t/most_similar\tMostSimilar\t998.342188ms"
time="2019-04-23T22:13:04-04:00" level=info msg="POST\t/most_similar\tMostSimilar\t1.01482351s"
time="2019-04-23T22:13:21-04:00" level=info msg="POST\t/most_similar\tMostSimilar\t1.003573415s"
time="2019-04-23T22:13:48-04:00" level=info msg="POST\t/most_similar\tMostSimilar\t1.000353491s"
time="2019-04-23T22:14:12-04:00" level=info msg="POST\t/most_similar\tMostSimilar\t1.073769104s"
time="2019-04-23T22:14:13-04:00" level=info msg="POST\t/most_similar\tMostSimilar\t1.099536126s"
time="2019-04-23T22:15:16-04:00" level=info msg="POST\t/recent_topic\tRecentTopic\t946.232076ms"
time="2019-04-23T22:15:35-04:00" level=info msg="POST\t/recent_topic\tRecentTopic\t938.218573ms"
time="2019-04-23T22:16:06-04:00" level=info msg="POST\t/most_similar\tMostSimilar\t1.008109768s"
time="2019-04-23T22:17:43-04:00" level=info msg="POST\t/recent_topic\tRecentTopic\t1.309463565s"
time="2019-04-23T22:19:03-04:00" level=info msg="POST\t/recent_topic\tRecentTopic\t25.413830345s"
time="2019-04-23T22:19:09-04:00" level=info msg="POST\t/recent_topic\tRecentTopic\t13.837182749s"
time="2019-04-23T22:27:46-04:00" level=info msg="POST\t/recent_topic\tRecentTopic\t1.187124085s"
time="2019-04-23T23:52:23-04:00" level=info msg="POST\t/recent_topic\tRecentTopic\t1.167465189s"
time="2019-04-23T23:53:37-04:00" level=info msg="POST\t/most_similar\tMostSimilar\t1.00838604s"
time="2019-04-24T00:14:49-04:00" level=info msg="POST\t/recent_topic\tRecentTopic\t1.167100559s"
time="2019-04-24T00:56:12-04:00" level=info msg="POST\t/recent_topic\tRecentTopic\t1.20415841s"
time="2019-04-24T00:56:24-04:00" level=info msg="POST\t/recent_topic\tRecentTopic\t1.195583454s"
time="2019-04-24T04:48:33-04:00" level=info msg="POST\t/recent_topic\tRecentTopic\t1.16093932s"
time="2019-04-24T04:48:42-04:00" level=info msg="POST\t/recent_topic\tRecentTopic\t1.181649545s"
time="2019-04-24T04:49:16-04:00" level=info msg="POST\t/most_similar\tMostSimilar\t1.037839234s"
time="2019-04-24T13:47:03-04:00" level=info msg="POST\t/recent_topic\tRecentTopic\t1.160351683s"
time="2019-04-24T13:47:15-04:00" level=info msg="POST\t/recent_topic\tRecentTopic\t1.182349556s"
time="2019-04-24T14:46:22-04:00" level=info msg="POST\t/recent_topic\tRecentTopic\t1.188225767s"
time="2019-04-24T15:42:00-04:00" level=info msg="POST\t/recent_topic\tRecentTopic\t1.165584002s"
time="2019-04-24T18:00:29-04:00" level=info msg="POST\t/recent_topic\tRecentTopic\t1.275541173s"
time="2019-04-25T01:02:59-04:00" level=info msg="POST\t/recent_topic\tRecentTopic\t1.120547625s"
time="2019-04-25T01:04:01-04:00" level=info msg="POST\t/most_similar\tMostSimilar\t1.017755994s"
time="2019-04-25T01:04:13-04:00" level=info msg="POST\t/most_similar\tMostSimilar\t997.193838ms"
time="2019-04-25T01:04:25-04:00" level=info msg="POST\t/most_similar\tMostSimilar\t1.004866633s"
